app/build/outputs/logs/manifest-merger-debug-report.txt
-- Merging decision tree log ---
manifest
ADDED from src\main\AndroidManifest.xml:2:1-138:12
	package
		ADDED from src\main\AndroidManifest.xml:3:5-32
		INJECTED from src\main\AndroidManifest.xml
		INJECTED from src\main\AndroidManifest.xml
	android:versionName
		ADDED from src\main\AndroidManifest.xml:5:5-30
		INJECTED from src\main\AndroidManifest.xml
		INJECTED from src\main\AndroidManifest.xml
	android:versionCode
		ADDED from src\main\AndroidManifest.xml:4:5-28
		INJECTED from src\main\AndroidManifest.xml
		INJECTED from src\main\AndroidManifest.xml
	xmlns:android
		ADDED from src\main\AndroidManifest.xml:2:11-69
uses-sdk
ADDED from src\main\AndroidManifest.xml:7:5-9:41
	android:targetSdkVersion
		ADDED from src\main\AndroidManifest.xml:9:9-38
		INJECTED from src\main\AndroidManifest.xml
		INJECTED from src\main\AndroidManifest.xml
	android:minSdkVersion
		ADDED from src\main\AndroidManifest.xml:8:9-34
		INJECTED from src\main\AndroidManifest.xml
		INJECTED from src\main\AndroidManifest.xml
application
ADDED from src\main\AndroidManifest.xml:11:5-136:19
	android:label
		ADDED from src\main\AndroidManifest.xml:14:9-41
	android:allowBackup
		ADDED from src\main\AndroidManifest.xml:12:9-35
	android:icon
		ADDED from src\main\AndroidManifest.xml:13:9-40
	android:theme
		ADDED from src\main\AndroidManifest.xml:15:9-40
activity#medical.visit.app.MainActivity
ADDED from src\main\AndroidManifest.xml:16:9-23:20
	android:label
		ADDED from src\main\AndroidManifest.xml:18:13-45
	android:name
		ADDED from src\main\AndroidManifest.xml:17:13-58
intent-filter#android.intent.action.MAIN+android.intent.category.LAUNCHER
ADDED from src\main\AndroidManifest.xml:19:13-22:29
action#android.intent.action.MAIN
ADDED from src\main\AndroidManifest.xml:20:17-69
	android:name
		ADDED from src\main\AndroidManifest.xml:20:25-66
category#android.intent.category.LAUNCHER
ADDED from src\main\AndroidManifest.xml:21:17-77
	android:name
		ADDED from src\main\AndroidManifest.xml:21:27-74
activity#medical.visit.app.PatientList
ADDED from src\main\AndroidManifest.xml:24:9-31:20
	android:label
		ADDED from src\main\AndroidManifest.xml:26:13-45
	android:name
		ADDED from src\main\AndroidManifest.xml:25:13-57
intent-filter#android.intent.action.PATIENTLIST+android.intent.category.DEFAULT
ADDED from src\main\AndroidManifest.xml:27:13-30:29
action#android.intent.action.PATIENTLIST
ADDED from src\main\AndroidManifest.xml:28:17-76
	android:name
		ADDED from src\main\AndroidManifest.xml:28:25-73
category#android.intent.category.DEFAULT
ADDED from src\main\AndroidManifest.xml:29:17-76
	android:name
		ADDED from src\main\AndroidManifest.xml:29:27-73
activity#medical.visit.app.CreatePatient
ADDED from src\main\AndroidManifest.xml:32:9-39:20
	android:label
		ADDED from src\main\AndroidManifest.xml:34:13-45
	android:name
		ADDED from src\main\AndroidManifest.xml:33:13-59
intent-filter#android.intent.action.CREATEPATIENT+android.intent.category.DEFAULT
ADDED from src\main\AndroidManifest.xml:35:13-38:29
action#android.intent.action.CREATEPATIENT
ADDED from src\main\AndroidManifest.xml:36:17-78
	android:name
		ADDED from src\main\AndroidManifest.xml:36:25-75
activity#medical.visit.app.PatientId
ADDED from src\main\AndroidManifest.xml:40:9-47:20
	android:label
		ADDED from src\main\AndroidManifest.xml:42:13-45
	android:name
		ADDED from src\main\AndroidManifest.xml:41:13-55
intent-filter#android.intent.action.PATIENTID+android.intent.category.DEFAULT
ADDED from src\main\AndroidManifest.xml:43:13-46:29
action#android.intent.action.PATIENTID
ADDED from src\main\AndroidManifest.xml:44:17-74
	android:name
		ADDED from src\main\AndroidManifest.xml:44:25-71
activity#medical.visit.app.History
ADDED from src\main\AndroidManifest.xml:48:9-55:20
	android:label
		ADDED from src\main\AndroidManifest.xml:50:13-45
	android:name
		ADDED from src\main\AndroidManifest.xml:49:13-53
intent-filter#android.intent.action.HISTORY+android.intent.category.DEFAULT
ADDED from src\main\AndroidManifest.xml:51:13-54:29
action#android.intent.action.HISTORY
ADDED from src\main\AndroidManifest.xml:52:17-72
	android:name
		ADDED from src\main\AndroidManifest.xml:52:25-69
activity#medical.visit.app.PatientObservation
ADDED from src\main\AndroidManifest.xml:56:9-63:20
	android:label
		ADDED from src\main\AndroidManifest.xml:58:13-45
	android:name
		ADDED from src\main\AndroidManifest.xml:57:13-64
intent-filter#android.intent.action.PATIENTOBSERVATION+android.intent.category.DEFAULT
ADDED from src\main\AndroidManifest.xml:59:13-62:29
action#android.intent.action.PATIENTOBSERVATION
ADDED from src\main\AndroidManifest.xml:60:17-83
	android:name
		ADDED from src\main\AndroidManifest.xml:60:25-80
activity#medical.visit.app.PoliclinicControl
ADDED from src\main\AndroidManifest.xml:64:9-71:20
	android:label
		ADDED from src\main\AndroidManifest.xml:66:13-45
	android:name
		ADDED from src\main\AndroidManifest.xml:65:13-63
intent-filter#android.intent.action.POLICLINICCONTROL+android.intent.category.DEFAULT
ADDED from src\main\AndroidManifest.xml:67:13-70:29
action#android.intent.action.POLICLINICCONTROL
ADDED from src\main\AndroidManifest.xml:68:17-82
	android:name
		ADDED from src\main\AndroidManifest.xml:68:25-79
activity#medical.visit.app.InspectionFilling
ADDED from src\main\AndroidManifest.xml:72:9-79:20
	android:label
		ADDED from src\main\AndroidManifest.xml:74:13-45
	android:name
		ADDED from src\main\AndroidManifest.xml:73:13-63
intent-filter#android.intent.action.INSPECTIONFILLING+android.intent.category.DEFAULT
ADDED from src\main\AndroidManifest.xml:75:13-78:29
action#android.intent.action.INSPECTIONFILLING
ADDED from src\main\AndroidManifest.xml:76:17-82
	android:name
		ADDED from src\main\AndroidManifest.xml:76:25-79
activity#medical.visit.app.DailyFilling
ADDED from src\main\AndroidManifest.xml:80:9-87:20
	android:label
		ADDED from src\main\AndroidManifest.xml:82:13-45
	android:name
		ADDED from src\main\AndroidManifest.xml:81:13-58
intent-filter#android.intent.action.DAILYFILLING+android.intent.category.DEFAULT
ADDED from src\main\AndroidManifest.xml:83:13-86:29
action#android.intent.action.DAILYFILLING
ADDED from src\main\AndroidManifest.xml:84:17-77
	android:name
		ADDED from src\main\AndroidManifest.xml:84:25-74
activity#medical.visit.app.PatientIdDetail
ADDED from src\main\AndroidManifest.xml:88:9-95:20
	android:label
		ADDED from src\main\AndroidManifest.xml:90:13-45
	android:name
		ADDED from src\main\AndroidManifest.xml:89:13-61
intent-filter#android.intent.action.PATIENTIDDETAIL+android.intent.category.DEFAULT
ADDED from src\main\AndroidManifest.xml:91:13-94:29
action#android.intent.action.PATIENTIDDETAIL
ADDED from src\main\AndroidManifest.xml:92:17-80
	android:name
		ADDED from src\main\AndroidManifest.xml:92:25-77
activity#medical.visit.app.ChoiceList
ADDED from src\main\AndroidManifest.xml:96:9-103:20
	android:label
		ADDED from src\main\AndroidManifest.xml:98:13-45
	android:name
		ADDED from src\main\AndroidManifest.xml:97:13-56
intent-filter#android.intent.action.CHOICELIST+android.intent.category.DEFAULT
ADDED from src\main\AndroidManifest.xml:99:13-102:29
action#android.intent.action.CHOICELIST
ADDED from src\main\AndroidManifest.xml:100:17-75
	android:name
		ADDED from src\main\AndroidManifest.xml:100:25-72
activity#medical.visit.app.Observation
ADDED from src\main\AndroidManifest.xml:104:9-111:20
	android:label
		ADDED from src\main\AndroidManifest.xml:106:13-45
	android:name
		ADDED from src\main\AndroidManifest.xml:105:13-57
intent-filter#android.intent.action.OBSERVATION+android.intent.category.DEFAULT
ADDED from src\main\AndroidManifest.xml:107:13-110:29
action#android.intent.action.OBSERVATION
ADDED from src\main\AndroidManifest.xml:108:17-76
	android:name
		ADDED from src\main\AndroidManifest.xml:108:25-73
activity#medical.visit.app.ObsItem
ADDED from src\main\AndroidManifest.xml:112:9-119:20
	android:label
		ADDED from src\main\AndroidManifest.xml:114:13-45
	android:name
		ADDED from src\main\AndroidManifest.xml:113:13-53
intent-filter#android.intent.action.OBSITEM+android.intent.category.DEFAULT
ADDED from src\main\AndroidManifest.xml:115:13-118:29
action#android.intent.action.OBSITEM
ADDED from src\main\AndroidManifest.xml:116:17-72
	android:name
		ADDED from src\main\AndroidManifest.xml:116:25-69
activity#medical.visit.app.ObservationDetail
ADDED from src\main\AndroidManifest.xml:120:9-127:20
	android:label
		ADDED from src\main\AndroidManifest.xml:122:13-45
	android:name
		ADDED from src\main\AndroidManifest.xml:121:13-63
intent-filter#android.intent.action.OBSERVATIONDETAIL+android.intent.category.DEFAULT
ADDED from src\main\AndroidManifest.xml:123:13-126:29
action#android.intent.action.OBSERVATIONDETAIL
ADDED from src\main\AndroidManifest.xml:124:17-82
	android:name
		ADDED from src\main\AndroidManifest.xml:124:25-79
activity#medical.visit.app.HistoryDetail
ADDED from src\main\AndroidManifest.xml:128:9-135:20
	android:label
		ADDED from src\main\AndroidManifest.xml:130:13-45
	android:name
		ADDED from src\main\AndroidManifest.xml:129:13-59
intent-filter#android.intent.action.HISTORYDETAIL+android.intent.category.DEFAULT
ADDED from src\main\AndroidManifest.xml:131:13-134:29
action#android.intent.action.HISTORYDETAIL
ADDED from src\main\AndroidManifest.xml:132:17-78
	android:name
		ADDED from src\main\AndroidManifest.xml:132:25-75